

Processing Rails::InfoController#properties (for 127.0.0.1 at 2010-04-12 18:35:44) [GET]
  [4;36;1mSQL (2.2ms)[0m   [0;1m SELECT name
 FROM sqlite_master
 WHERE type = 'table' AND NOT name = 'sqlite_sequence'
[0m
Completed in 112ms (View: 21, DB: 2) | 200 OK [http://0.0.0.0/rails/info/properties]
  [4;36;1mSQL (0.9ms)[0m   [0;1m SELECT name
 FROM sqlite_master
 WHERE type = 'table' AND NOT name = 'sqlite_sequence'
[0m
  [4;35;1mSQL (0.5ms)[0m   [0mselect sqlite_version(*)[0m
  [4;36;1mSQL (3.6ms)[0m   [0;1mCREATE TABLE "schema_migrations" ("version" varchar(255) NOT NULL) [0m
  [4;35;1mSQL (3.7ms)[0m   [0mCREATE UNIQUE INDEX "unique_schema_migrations" ON "schema_migrations" ("version")[0m
  [4;36;1mSQL (1.0ms)[0m   [0;1m SELECT name
 FROM sqlite_master
 WHERE type = 'table' AND NOT name = 'sqlite_sequence'
[0m
  [4;35;1mSQL (0.8ms)[0m   [0m SELECT name
 FROM sqlite_master
 WHERE type = 'table' AND NOT name = 'sqlite_sequence'
[0m
  [4;36;1mSQL (0.4ms)[0m   [0;1mSELECT version FROM schema_migrations[0m
  [4;35;1mSQL (0.7ms)[0m   [0m SELECT name
 FROM sqlite_master
 WHERE type = 'table' AND NOT name = 'sqlite_sequence'
[0m


Processing PagesController#home (for 127.0.0.1 at 2010-04-13 18:43:37) [GET]
Rendering pages/home
Completed in 72ms (View: 67, DB: 0) | 200 OK [http://0.0.0.0/pages/home]


Processing PagesController#about (for 127.0.0.1 at 2010-04-13 18:50:05) [GET]
Rendering pages/about
Completed in 86ms (View: 80, DB: 0) | 200 OK [http://0.0.0.0/pages/about]


Processing PagesController#about (for 127.0.0.1 at 2010-04-13 18:53:21) [GET]
Rendering pages/about
Completed in 8ms (View: 2, DB: 0) | 200 OK [http://0.0.0.0/pages/about]


Processing PagesController#about (for 127.0.0.1 at 2010-04-13 19:00:45) [GET]
Rendering pages/about
Completed in 36ms (View: 30, DB: 0) | 200 OK [http://0.0.0.0/pages/about]


Processing PagesController#home (for 127.0.0.1 at 2010-04-13 19:01:13) [GET]
Rendering pages/home
Completed in 25ms (View: 19, DB: 0) | 200 OK [http://0.0.0.0/pages/home]


Processing ApplicationController#index (for 127.0.0.1 at 2010-04-16 09:51:26) [GET]

ActionController::RoutingError (No route matches "/home" with {:method=>:get}):
  

Rendering rescues/layout (not_found)


Processing PagesController#home (for 127.0.0.1 at 2010-04-16 09:51:43) [GET]
Rendering template within layouts/application
Rendering pages/home
Completed in 160ms (View: 154, DB: 0) | 200 OK [http://0.0.0.0/pages/home]


Processing ApplicationController#index (for 127.0.0.1 at 2010-04-16 09:51:43) [GET]

ActionController::RoutingError (No route matches "/images/logo.png" with {:method=>:get}):
  

Rendering rescues/layout (not_found)


Processing ApplicationController#index (for 127.0.0.1 at 2010-04-16 09:51:44) [GET]

ActionController::RoutingError (No route matches "/stylesheets/custom.css" with {:method=>:get}):
  

Rendering rescues/layout (not_found)


Processing PagesController#home (for 127.0.0.1 at 2010-04-16 10:00:12) [GET]
Rendering template within layouts/application
Rendering pages/home
Completed in 97ms (View: 91, DB: 0) | 200 OK [http://0.0.0.0/pages/home]


Processing ApplicationController#index (for 127.0.0.1 at 2010-04-16 10:00:12) [GET]

ActionController::RoutingError (No route matches "/stylesheets/custom.css" with {:method=>:get}):
  

Rendering rescues/layout (not_found)


Processing ApplicationController#index (for 127.0.0.1 at 2010-04-16 10:00:12) [GET]

ActionController::RoutingError (No route matches "/images/logo.png" with {:method=>:get}):
  

Rendering rescues/layout (not_found)


Processing PagesController#home (for 127.0.0.1 at 2010-04-16 10:06:04) [GET]
Rendering template within layouts/application
Rendering pages/home
Completed in 96ms (View: 89, DB: 0) | 200 OK [http://0.0.0.0/pages/home]


Processing ApplicationController#index (for 127.0.0.1 at 2010-04-16 10:06:04) [GET]

ActionController::RoutingError (No route matches "/stylesheets/custom.css" with {:method=>:get}):
  

Rendering rescues/layout (not_found)


Processing ApplicationController#index (for 127.0.0.1 at 2010-04-16 10:06:04) [GET]

ActionController::RoutingError (No route matches "/images/logo.png" with {:method=>:get}):
  

Rendering rescues/layout (not_found)


Processing PagesController#home (for 127.0.0.1 at 2010-04-16 10:13:17) [GET]
Rendering template within layouts/application
Rendering pages/home
Completed in 39ms (View: 34, DB: 0) | 200 OK [http://localhost/pages/home]


Processing ApplicationController#index (for 127.0.0.1 at 2010-04-16 10:13:17) [GET]

ActionController::RoutingError (No route matches "/stylesheets/custom.css" with {:method=>:get}):
  

Rendering rescues/layout (not_found)


Processing ApplicationController#index (for 127.0.0.1 at 2010-04-16 10:13:17) [GET]

ActionController::RoutingError (No route matches "/images/logo.png" with {:method=>:get}):
  

Rendering rescues/layout (not_found)


Processing PagesController#home (for 127.0.0.1 at 2010-04-16 10:35:21) [GET]
Rendering template within layouts/application
Rendering pages/home
Completed in 226ms (View: 220, DB: 0) | 200 OK [http://0.0.0.0/pages/home]


Processing ApplicationController#index (for 127.0.0.1 at 2010-04-16 10:35:21) [GET]

ActionController::RoutingError (No route matches "/stylesheets/custom.css" with {:method=>:get}):
  

Rendering rescues/layout (not_found)


Processing PagesController#home (for 127.0.0.1 at 2010-04-16 10:41:06) [GET]
Rendering template within layouts/application
Rendering pages/home
Completed in 89ms (View: 84, DB: 0) | 200 OK [http://0.0.0.0/pages/home]


Processing PagesController#home (for 127.0.0.1 at 2010-04-16 10:44:16) [GET]
Rendering template within layouts/application
Rendering pages/home
Completed in 92ms (View: 86, DB: 0) | 200 OK [http://0.0.0.0/pages/home]


Processing PagesController#home (for 127.0.0.1 at 2010-04-16 10:52:44) [GET]
Rendering template within layouts/application
Rendering pages/home
Completed in 91ms (View: 86, DB: 0) | 200 OK [http://0.0.0.0/pages/home]


Processing PagesController#home (for 127.0.0.1 at 2010-04-16 10:53:46) [GET]
Rendering template within layouts/application
Rendering pages/home
Completed in 91ms (View: 85, DB: 0) | 200 OK [http://0.0.0.0/pages/home]


Processing PagesController#home (for 127.0.0.1 at 2010-04-16 10:55:09) [GET]
Rendering template within layouts/application
Rendering pages/home
Completed in 93ms (View: 87, DB: 0) | 200 OK [http://0.0.0.0/pages/home]


Processing PagesController#home (for 127.0.0.1 at 2010-04-16 10:57:15) [GET]
Rendering template within layouts/application
Rendering pages/home
Completed in 97ms (View: 92, DB: 0) | 200 OK [http://0.0.0.0/pages/home]


Processing PagesController#home (for 127.0.0.1 at 2010-04-16 11:00:04) [GET]
Rendering template within layouts/application
Rendering pages/home

ActionView::TemplateError (Missing layout layouts/_stylesheets.erb in view path app/views) on line #6 of app/views/layouts/application.html.erb:
3: <html lang="en" xml:lang="en" xmlns="http://www.w3.org/1999/xhtml">
4:   <head>
5:     <title><%= title %></title>
6:     <%= render 'layouts/stylesheets' %>
7:   </head>
8:   <body>
9:     <div class="container">

    app/views/layouts/application.html.erb:6

Rendered rescues/_trace (197.6ms)
Rendered rescues/_request_and_response (348.7ms)
Rendering rescues/layout (internal_server_error)


Processing PagesController#home (for 127.0.0.1 at 2010-04-16 11:00:25) [GET]
Rendering template within layouts/application
Rendering pages/home
Completed in 95ms (View: 89, DB: 0) | 200 OK [http://0.0.0.0/pages/home]


Processing PagesController#home (for 127.0.0.1 at 2010-04-16 11:01:56) [GET]
Rendering template within layouts/application
Rendering pages/home

ActionView::TemplateError (Missing layout layouts/_stylesheets.erb in view path app/views) on line #6 of app/views/layouts/application.html.erb:
3: <html lang="en" xml:lang="en" xmlns="http://www.w3.org/1999/xhtml">
4:   <head>
5:     <title><%= title %></title>
6: <%= render 'layouts/stylesheets' %>
7:   </head>
8:   <body>
9:     <div class="container">

    app/views/layouts/application.html.erb:6

Rendered rescues/_trace (195.9ms)
Rendered rescues/_request_and_response (4.6ms)
Rendering rescues/layout (internal_server_error)


Processing PagesController#home (for 127.0.0.1 at 2010-04-16 11:02:01) [GET]
Rendering template within layouts/application
Rendering pages/home

ActionView::TemplateError (Missing layout layouts/_stylesheets.erb in view path app/views) on line #6 of app/views/layouts/application.html.erb:
3: <html lang="en" xml:lang="en" xmlns="http://www.w3.org/1999/xhtml">
4:   <head>
5:     <title><%= title %></title>
6: <%= render 'layouts/stylesheets' %>
7:   </head>
8:   <body>
9:     <div class="container">

    app/views/layouts/application.html.erb:6

Rendered rescues/_trace (195.9ms)
Rendered rescues/_request_and_response (0.9ms)
Rendering rescues/layout (internal_server_error)


Processing PagesController#home (for 127.0.0.1 at 2010-04-16 11:08:30) [GET]
Rendering template within layouts/application
Rendering pages/home
Rendered layouts/_stylesheets (4.0ms)
Rendered layouts/_header (5.0ms)
Completed in 125ms (View: 120, DB: 0) | 200 OK [http://0.0.0.0/pages/home]


Processing PagesController#home (for 127.0.0.1 at 2010-04-16 11:08:32) [GET]
Rendering template within layouts/application
Rendering pages/home
Rendered layouts/_stylesheets (2.3ms)
Rendered layouts/_header (2.3ms)
Completed in 16ms (View: 11, DB: 0) | 200 OK [http://0.0.0.0/pages/home]


Processing PagesController#home (for 127.0.0.1 at 2010-04-16 11:10:32) [GET]
Rendering template within layouts/application
Rendering pages/home
Rendered layouts/_stylesheets (4.0ms)
Rendered layouts/_header (4.0ms)
Rendered layouts/_footer (2.2ms)
Completed in 150ms (View: 144, DB: 0) | 200 OK [http://0.0.0.0/pages/home]


Processing PagesController#home (for 127.0.0.1 at 2010-04-16 11:11:49) [GET]
Rendering template within layouts/application
Rendering pages/home
Rendered layouts/_stylesheets (4.7ms)
Rendered layouts/_header (4.6ms)
Rendered layouts/_footer (2.4ms)
Completed in 146ms (View: 140, DB: 0) | 200 OK [http://0.0.0.0/pages/home]


Processing PagesController#home (for 127.0.0.1 at 2010-04-16 11:11:52) [GET]
Rendering template within layouts/application
Rendering pages/home
Rendered layouts/_stylesheets (2.2ms)
Rendered layouts/_header (1.7ms)
Rendered layouts/_footer (0.6ms)
Completed in 17ms (View: 11, DB: 0) | 200 OK [http://0.0.0.0/pages/home]
